SF:lib\models\internal\status_result.dart
DA:5,2
DA:7,3
LF:2
LH:2
end_of_record
SF:lib\repositories\api_client.dart
DA:9,3
DA:10,9
DA:12,3
DA:13,6
DA:14,2
DA:16,9
LF:6
LH:6
end_of_record
SF:lib\repositories\motel_repository.dart
DA:6,3
DA:8,3
DA:10,6
DA:11,1
DA:12,2
LF:5
LH:5
end_of_record
SF:lib\services\motel_service.dart
DA:6,3
DA:10,2
DA:12,3
DA:14,7
DA:15,1
DA:16,1
DA:18,3
LF:7
LH:7
end_of_record
SF:lib\app_module.dart
DA:6,17
DA:8,2
DA:10,2
DA:11,2
DA:12,6
DA:13,2
DA:14,4
DA:15,2
DA:18,2
DA:19,4
DA:20,2
LF:11
LH:11
end_of_record
SF:lib\app_widget.dart
DA:7,15
DA:9,2
DA:11,4
DA:12,2
DA:16,2
DA:17,0
DA:18,2
DA:19,2
DA:20,2
DA:22,2
DA:23,2
LF:11
LH:10
end_of_record
SF:lib\core\constants\assets.dart
DA:3,0
LF:1
LH:0
end_of_record
SF:lib\core\constants\constants.dart
DA:2,0
LF:1
LH:0
end_of_record
SF:lib\core\database\filter_data.dart
DA:2,0
DA:4,9
LF:2
LH:1
end_of_record
SF:lib\core\helpers\extensions\responsive_extension.dart
DA:7,9
DA:9,0
DA:11,18
DA:12,0
DA:14,9
DA:19,8
DA:21,0
DA:23,16
DA:24,0
DA:26,8
DA:31,7
DA:33,0
DA:35,7
DA:39,8
DA:41,0
DA:43,8
DA:47,8
DA:49,0
DA:51,8
LF:19
LH:12
end_of_record
SF:lib\core\helpers\extensions\size_extension.dart
DA:5,0
DA:7,0
DA:9,0
DA:11,0
DA:13,0
LF:5
LH:0
end_of_record
SF:lib\core\helpers\feedback\feedback_handler.dart
DA:5,0
DA:7,1
DA:13,2
DA:14,1
DA:15,1
DA:17,5
DA:19,4
DA:20,1
LF:8
LH:7
end_of_record
SF:lib\core\helpers\ui\modal_helper.dart
DA:5,0
DA:7,1
DA:13,1
DA:18,0
LF:4
LH:2
end_of_record
SF:lib\core\ui\styles\colors_app.dart
DA:6,9
DA:9,9
DA:10,9
DA:14,7
DA:16,3
DA:18,0
DA:20,18
DA:22,6
DA:24,4
DA:26,2
DA:28,3
DA:30,9
DA:32,0
DA:34,3
DA:36,0
DA:38,2
DA:40,1
DA:42,3
DA:44,0
DA:46,5
DA:48,0
DA:50,4
DA:52,6
DA:54,4
DA:58,18
LF:25
LH:20
end_of_record
SF:lib\core\ui\styles\text_styles.dart
DA:7,9
DA:10,9
DA:11,9
DA:15,9
DA:17,0
DA:19,0
DA:20,0
DA:21,0
DA:24,6
DA:26,3
DA:27,3
DA:28,6
DA:31,0
DA:33,0
DA:34,0
DA:35,0
DA:38,6
DA:40,3
DA:41,3
DA:42,6
DA:45,14
DA:47,7
DA:48,7
DA:49,14
DA:52,0
DA:54,0
DA:55,0
DA:56,0
DA:59,8
DA:61,4
DA:62,4
DA:63,8
DA:68,18
LF:33
LH:21
end_of_record
SF:lib\core\ui\theme\custom_scroll_behavior.dart
DA:5,2
DA:10,2
DA:12,2
DA:13,2
LF:4
LH:4
end_of_record
SF:lib\core\ui\theme\theme_config.dart
DA:8,0
DA:10,6
DA:21,4
DA:22,4
DA:24,2
DA:25,4
DA:26,4
DA:27,4
DA:36,2
DA:37,4
DA:41,2
DA:42,0
DA:43,0
LF:13
LH:10
end_of_record
SF:lib\core\widgets\custom_icon_button.dart
DA:10,4
DA:18,4
DA:20,4
DA:25,4
DA:29,4
DA:30,4
DA:32,8
DA:33,4
LF:8
LH:8
end_of_record
SF:lib\core\widgets\custom_render_image.dart
DA:11,2
DA:19,2
DA:21,2
DA:22,2
DA:23,2
DA:24,2
DA:25,2
DA:26,2
DA:27,2
DA:28,2
DA:29,8
DA:30,0
DA:31,0
DA:32,0
DA:33,0
DA:35,0
DA:37,0
DA:38,0
LF:18
LH:11
end_of_record
SF:lib\core\widgets\custom_text_button.dart
DA:10,1
DA:18,1
DA:20,1
DA:21,3
DA:22,1
DA:23,1
DA:24,2
DA:25,2
DA:27,1
DA:28,1
DA:29,3
DA:31,1
DA:32,2
LF:13
LH:13
end_of_record
SF:lib\core\widgets\favorite_button.dart
DA:9,2
DA:15,2
DA:17,2
DA:18,1
DA:19,2
DA:21,2
DA:23,2
DA:24,6
LF:8
LH:8
end_of_record
SF:lib\core\widgets\line_divider_widget.dart
DA:11,2
DA:20,0
DA:29,2
DA:31,2
DA:32,0
DA:33,0
DA:34,0
DA:35,0
DA:37,0
DA:38,0
DA:39,0
DA:42,2
DA:43,2
DA:44,6
DA:45,2
DA:46,2
DA:47,2
DA:48,6
DA:50,6
LF:19
LH:11
end_of_record
SF:lib\core\widgets\motel_rating_widget.dart
DA:8,2
DA:10,2
DA:12,2
DA:13,4
DA:14,2
DA:15,4
DA:16,8
DA:18,2
DA:19,2
DA:20,2
DA:22,4
DA:23,2
DA:25,4
DA:26,10
LF:14
LH:14
end_of_record
SF:lib\core\widgets\price_display_widget.dart
DA:14,1
DA:25,1
DA:26,2
DA:29,1
DA:31,1
DA:32,1
DA:33,2
DA:34,1
DA:35,2
DA:36,1
DA:37,2
DA:38,3
DA:39,2
DA:40,2
DA:41,1
DA:44,1
DA:48,1
DA:49,2
DA:50,3
DA:51,3
DA:52,2
DA:53,1
DA:55,1
LF:23
LH:23
end_of_record
SF:lib\core\widgets\skeleton_widget.dart
DA:9,4
DA:15,4
DA:17,4
DA:18,8
DA:19,8
DA:20,4
DA:21,4
DA:22,4
DA:23,4
DA:24,8
DA:25,8
LF:11
LH:11
end_of_record
SF:lib\features\main\home\view\home_screen.dart
DA:7,15
DA:9,2
DA:10,2
DA:14,2
DA:16,2
DA:17,6
DA:18,2
DA:22,2
DA:23,6
DA:26,2
DA:28,2
DA:29,2
DA:30,4
DA:31,2
DA:34,2
DA:35,2
DA:36,2
DA:37,6
DA:38,2
DA:39,2
DA:43,2
DA:44,2
DA:47,2
DA:53,2
DA:55,2
DA:56,4
DA:57,2
DA:58,4
DA:59,4
DA:62,2
DA:63,2
DA:64,4
DA:65,2
DA:66,2
DA:67,2
DA:73,2
DA:74,2
DA:75,2
DA:80,0
DA:81,0
DA:90,2
DA:91,4
DA:92,2
DA:94,4
DA:95,6
DA:96,2
DA:98,2
DA:99,2
DA:101,4
DA:102,2
DA:104,4
DA:105,2
DA:107,4
DA:111,2
DA:117,0
LF:55
LH:52
end_of_record
SF:lib\features\main\home\view\modals\city_bottom_sheet.dart
DA:6,15
DA:8,0
DA:10,0
DA:11,0
DA:12,0
DA:14,0
DA:15,0
DA:16,0
DA:19,0
DA:21,0
DA:22,0
LF:11
LH:1
end_of_record
SF:lib\features\main\home\view\modals\date_bottom_sheet.dart
DA:6,15
DA:8,0
DA:10,0
DA:11,0
DA:12,0
DA:14,0
DA:15,0
DA:16,0
DA:19,0
DA:21,0
DA:22,0
LF:11
LH:1
end_of_record
SF:lib\features\main\home\view\modals\filter_bottom_sheet.dart
DA:8,2
DA:10,1
DA:12,1
DA:13,1
DA:14,1
DA:16,2
DA:17,1
DA:18,1
DA:21,1
DA:23,3
DA:24,2
DA:28,1
DA:29,1
DA:31,1
DA:32,3
DA:34,2
LF:16
LH:16
end_of_record
SF:lib\features\main\home\view\widgets\city_dropdown_button.dart
DA:9,2
DA:11,2
DA:13,2
DA:14,0
DA:15,2
DA:18,2
DA:19,2
DA:20,2
DA:22,2
DA:23,2
DA:24,4
DA:25,10
DA:27,4
DA:28,2
DA:30,4
DA:31,2
DA:36,4
DA:37,2
DA:38,2
DA:39,6
DA:40,4
DA:41,2
DA:43,2
DA:44,2
DA:45,6
DA:46,2
DA:47,2
DA:49,4
DA:50,2
DA:51,2
DA:52,4
DA:53,4
DA:67,2
DA:68,2
DA:69,6
DA:72,2
DA:73,2
DA:76,0
DA:77,0
DA:82,0
LF:40
LH:36
end_of_record
SF:lib\features\main\home\view\widgets\date_dropdown_button.dart
DA:9,0
DA:11,0
DA:13,0
DA:14,0
DA:15,0
DA:18,0
DA:19,0
DA:20,0
DA:22,0
DA:23,0
DA:24,0
DA:25,0
DA:27,0
DA:28,0
DA:30,0
DA:31,0
DA:36,0
DA:37,0
DA:38,0
DA:39,0
DA:40,0
DA:41,0
DA:42,0
DA:43,0
DA:45,0
DA:46,0
DA:47,0
DA:48,0
DA:49,0
DA:51,0
DA:52,0
DA:53,0
DA:54,0
DA:55,0
DA:69,0
DA:70,0
DA:71,0
DA:74,0
DA:75,0
DA:78,0
DA:79,0
DA:84,0
LF:42
LH:0
end_of_record
SF:lib\features\main\home\view\widgets\filter_item.dart
DA:12,3
DA:21,3
DA:23,3
DA:24,1
DA:25,1
DA:26,2
DA:28,3
DA:30,3
DA:31,6
DA:32,3
DA:33,11
DA:34,6
DA:35,14
DA:37,3
DA:38,3
DA:39,3
DA:40,3
DA:41,6
DA:42,3
DA:44,3
DA:45,0
DA:46,3
DA:47,4
DA:48,2
DA:49,3
DA:52,3
DA:53,3
DA:54,3
DA:55,3
DA:56,2
DA:57,3
DA:58,4
DA:59,2
DA:60,3
LF:34
LH:33
end_of_record
SF:lib\features\main\home\view\widgets\filter_widget.dart
DA:7,3
DA:9,3
DA:11,3
DA:14,3
DA:15,3
DA:16,3
DA:18,3
DA:19,3
DA:20,3
DA:21,6
DA:22,3
DA:23,3
DA:24,3
DA:27,9
DA:28,3
DA:29,12
DA:30,15
DA:32,3
DA:36,2
DA:37,9
DA:42,6
DA:43,3
DA:44,3
DA:45,3
DA:49,9
DA:50,3
DA:51,6
DA:53,3
DA:54,9
DA:55,3
DA:57,9
DA:58,9
DA:59,2
DA:64,6
DA:73,1
DA:74,2
DA:77,1
DA:78,1
DA:80,2
LF:39
LH:39
end_of_record
SF:lib\features\main\home\view\widgets\go_now_body.dart
DA:7,1
DA:9,1
DA:11,1
DA:12,0
DA:13,0
DA:15,1
DA:18,2
DA:19,1
DA:20,2
DA:22,3
DA:23,0
DA:24,0
DA:26,1
DA:27,3
DA:28,1
DA:30,4
DA:31,0
DA:32,0
DA:41,0
DA:42,0
LF:20
LH:12
end_of_record
SF:lib\features\main\home\view\widgets\header_go_another_day_widget.dart
DA:7,2
DA:9,0
DA:11,0
DA:12,0
DA:13,0
DA:15,0
DA:16,0
DA:17,0
DA:18,0
LF:9
LH:1
end_of_record
SF:lib\features\main\home\view\widgets\header_go_now_widget.dart
DA:7,2
DA:9,2
DA:11,2
DA:12,2
DA:13,2
DA:14,4
LF:6
LH:6
end_of_record
SF:lib\features\main\home\view\widgets\home_appbar.dart
DA:8,3
DA:10,3
DA:11,6
DA:13,3
DA:15,3
DA:17,6
DA:18,3
DA:22,3
DA:23,3
DA:25,3
DA:26,3
DA:27,3
DA:28,6
DA:29,3
DA:31,6
DA:32,3
DA:38,3
DA:39,3
DA:40,3
DA:42,3
DA:43,3
DA:44,3
DA:45,3
DA:46,3
DA:47,3
DA:48,3
DA:49,6
DA:50,6
DA:52,3
DA:53,3
DA:54,3
DA:57,9
DA:58,3
DA:59,6
DA:60,3
DA:61,3
DA:62,6
DA:63,6
DA:67,3
DA:68,3
DA:69,3
DA:70,3
DA:71,0
DA:72,3
DA:74,3
DA:75,3
DA:77,3
DA:78,3
DA:80,3
DA:81,9
DA:82,6
DA:83,0
DA:85,6
DA:86,3
DA:87,3
DA:89,9
DA:90,9
DA:91,6
DA:92,0
DA:103,3
DA:104,3
DA:105,2
DA:106,3
DA:108,3
DA:109,3
DA:111,3
DA:112,3
DA:114,3
DA:115,9
DA:116,0
DA:117,6
DA:119,6
DA:120,3
DA:121,3
DA:123,9
DA:124,9
DA:125,0
DA:126,6
DA:146,3
DA:147,3
DA:149,3
DA:150,3
DA:151,3
DA:152,3
DA:154,6
DA:155,3
DA:164,0
DA:166,0
DA:168,1
DA:169,2
LF:90
LH:83
end_of_record
SF:lib\features\main\home\view\widgets\motel_carrousel_item\category_item.dart
DA:7,0
DA:9,0
DA:11,0
DA:12,0
DA:13,0
DA:14,0
DA:15,0
DA:16,0
DA:17,0
DA:19,0
DA:20,0
DA:22,0
DA:23,0
LF:13
LH:0
end_of_record
SF:lib\features\main\home\view\widgets\motel_carrousel_item\category_row_widget.dart
DA:7,0
DA:9,0
DA:11,0
DA:13,0
DA:14,0
DA:15,0
DA:16,0
DA:17,0
DA:18,0
DA:19,0
DA:20,0
DA:26,0
DA:28,0
DA:29,0
DA:30,0
DA:31,0
DA:32,0
DA:33,0
DA:36,0
DA:37,0
DA:42,0
DA:43,0
DA:44,0
DA:49,0
LF:24
LH:0
end_of_record
SF:lib\features\main\home\view\widgets\motel_carrousel_item\discount_tag_widget.dart
DA:8,1
DA:10,1
DA:11,1
DA:17,1
DA:19,1
DA:20,1
DA:23,1
DA:24,7
DA:27,1
DA:29,1
DA:30,3
DA:31,1
DA:32,2
DA:33,3
DA:34,2
DA:36,1
DA:37,3
DA:38,3
DA:39,2
LF:19
LH:19
end_of_record
SF:lib\features\main\home\view\widgets\motel_carrousel_item\header_motel_widget.dart
DA:14,2
DA:25,2
DA:27,2
DA:28,4
DA:29,2
DA:31,2
DA:32,2
DA:33,2
DA:34,2
DA:36,2
DA:37,2
DA:40,4
DA:41,2
DA:42,2
DA:44,2
DA:45,2
DA:46,4
DA:47,8
DA:51,2
DA:52,4
DA:53,10
DA:56,4
DA:57,2
DA:58,2
DA:59,2
DA:60,2
DA:62,4
DA:63,2
DA:64,2
DA:65,8
DA:66,10
DA:71,2
DA:73,2
DA:74,4
DA:81,4
DA:82,2
DA:83,2
DA:84,1
DA:85,2
LF:39
LH:39
end_of_record
SF:lib\features\main\home\view\widgets\motel_carrousel_item\motel_carrousel_item.dart
DA:9,1
DA:16,1
DA:17,1
DA:23,1
DA:25,1
DA:26,2
DA:29,1
DA:31,2
DA:32,1
DA:35,1
DA:37,1
DA:39,1
DA:40,1
DA:41,3
DA:42,3
DA:43,3
DA:44,3
DA:45,3
DA:46,2
DA:47,0
DA:49,2
DA:50,1
DA:51,1
DA:52,1
DA:53,1
DA:54,4
DA:55,0
DA:56,0
DA:57,0
DA:58,0
LF:30
LH:25
end_of_record
SF:lib\features\main\home\view\widgets\motel_carrousel_item\period_item.dart
DA:8,1
DA:10,1
DA:12,1
DA:14,2
DA:15,1
DA:16,2
DA:17,2
DA:18,1
DA:19,1
DA:20,2
DA:26,1
DA:27,1
DA:28,1
DA:29,1
DA:31,1
DA:32,1
DA:33,1
DA:34,1
DA:35,2
DA:36,3
DA:37,1
DA:38,2
DA:41,2
DA:42,2
DA:43,1
DA:44,2
DA:45,3
DA:49,2
DA:50,1
DA:51,2
DA:52,2
DA:53,1
DA:54,3
DA:59,1
DA:60,1
DA:61,1
DA:63,1
DA:64,2
LF:38
LH:38
end_of_record
SF:lib\features\main\home\view\widgets\motel_carrousel_item\period_list_widget.dart
DA:7,0
DA:9,0
DA:11,0
DA:14,0
DA:15,0
DA:16,0
DA:18,0
DA:19,0
LF:8
LH:0
end_of_record
SF:lib\features\main\home\view\widgets\motel_carrousel_item\see_more_widget.dart
DA:6,15
DA:8,0
DA:10,0
DA:12,0
DA:13,0
DA:16,0
DA:17,0
DA:19,0
DA:21,0
DA:23,0
DA:27,0
DA:28,0
DA:30,0
DA:31,0
LF:14
LH:1
end_of_record
SF:lib\features\main\home\view\widgets\motel_carrousel_item\suite_item.dart
DA:8,0
DA:10,0
DA:12,0
DA:13,0
DA:14,0
DA:15,0
DA:16,0
DA:17,0
DA:19,0
DA:20,0
DA:21,0
DA:22,0
DA:23,0
DA:24,0
DA:25,0
DA:31,0
DA:32,0
DA:33,0
DA:34,0
DA:35,0
DA:36,0
DA:39,0
DA:42,0
DA:43,0
DA:44,0
DA:45,0
DA:47,0
DA:49,0
DA:50,0
DA:51,0
DA:52,0
DA:53,0
DA:54,0
DA:60,0
DA:61,0
DA:62,0
DA:64,0
DA:65,0
DA:66,0
DA:67,0
DA:68,0
DA:69,0
DA:70,0
DA:81,0
DA:82,0
DA:83,0
DA:85,0
DA:86,0
DA:87,0
LF:49
LH:0
end_of_record
SF:lib\features\main\home\view\widgets\skeleton_go_now_widget.dart
DA:5,15
DA:7,2
DA:9,2
DA:12,4
DA:13,2
LF:5
LH:5
end_of_record
SF:lib\features\main\home\view\widgets\skeleton_motel_item.dart
DA:5,15
DA:7,2
DA:9,2
DA:10,4
DA:11,2
DA:12,2
DA:13,4
DA:14,2
DA:16,2
DA:17,4
DA:18,2
DA:19,2
DA:20,2
DA:21,2
DA:24,4
DA:25,2
DA:26,6
DA:28,4
DA:31,4
DA:32,4
DA:33,4
DA:34,4
DA:35,4
DA:36,4
DA:37,4
DA:38,4
LF:26
LH:26
end_of_record
SF:lib\features\main\home\view_model\home_route.dart
DA:6,0
DA:8,2
DA:9,2
DA:10,2
DA:11,2
DA:12,4
DA:13,2
DA:18,2
LF:8
LH:7
end_of_record
SF:lib\features\main\home\view_model\home_view_model.dart
DA:7,3
DA:21,0
DA:23,6
DA:25,4
DA:27,2
DA:29,2
DA:31,6
DA:33,3
DA:34,6
DA:35,6
DA:36,6
DA:37,3
DA:40,1
DA:41,2
DA:42,2
DA:44,2
DA:46,1
DA:49,0
DA:50,0
DA:51,0
DA:56,0
DA:59,1
DA:60,2
DA:61,2
DA:63,2
DA:65,1
DA:68,1
DA:69,2
DA:70,1
DA:73,1
DA:74,1
DA:75,1
DA:78,1
DA:79,1
DA:80,1
DA:83,1
DA:84,1
DA:85,1
DA:88,2
DA:90,4
DA:91,2
LF:41
LH:36
end_of_record
SF:lib\main.dart
DA:4,0
DA:5,0
DA:6,0
LF:3
LH:0
end_of_record
SF:lib\models\api_response_model.dart
DA:8,1
DA:14,1
DA:15,1
DA:16,1
DA:17,2
DA:18,2
DA:32,1
DA:42,1
DA:43,1
DA:45,1
DA:46,1
DA:47,1
DA:48,1
DA:49,1
DA:50,2
DA:51,2
DA:52,4
LF:17
LH:17
end_of_record
SF:lib\models\complementary_motel_models.dart
DA:4,2
DA:6,2
DA:7,2
DA:8,2
DA:17,2
DA:22,2
DA:23,2
DA:24,2
DA:25,2
DA:38,2
DA:47,2
DA:48,2
DA:50,2
DA:51,2
DA:52,2
DA:53,4
DA:54,4
DA:55,2
DA:56,2
DA:64,3
DA:66,2
DA:67,2
DA:68,4
LF:23
LH:23
end_of_record
SF:lib\models\motel_models.dart
DA:13,3
DA:24,1
DA:25,1
DA:27,1
DA:28,1
DA:29,1
DA:30,1
DA:31,2
DA:32,1
DA:33,2
DA:34,1
DA:35,2
LF:12
LH:12
end_of_record
SF:lib\models\suite_model.dart
DA:12,1
DA:22,1
DA:23,2
DA:24,2
DA:25,2
DA:27,1
DA:28,1
DA:29,1
DA:30,1
DA:31,2
DA:32,4
DA:33,4
DA:34,4
LF:13
LH:13
end_of_record
